2025-07-22 19:35:12 +0000 - dagster - DEBUG - __ASSET_JOB - 26f3b54d-0c96-450d-9961-09dc998d2af8 - 17490 - LOGS_CAPTURED - Started capturing logs in process (pid: 17490).
2025-07-22 19:35:12 +0000 - dagster - DEBUG - __ASSET_JOB - 26f3b54d-0c96-450d-9961-09dc998d2af8 - 17490 - taxi_zones_raw - STEP_START - Started execution of step "taxi_zones_raw".
2025-07-22 19:35:12 +0000 - dagster - INFO - __ASSET_JOB - 26f3b54d-0c96-450d-9961-09dc998d2af8 - taxi_zones_raw - Loading taxi zones from /app/01_source_data/taxi_zones.csv
2025-07-22 19:35:12 +0000 - dagster - ERROR - __ASSET_JOB - 26f3b54d-0c96-450d-9961-09dc998d2af8 - 17490 - taxi_zones_raw - STEP_FAILURE - Execution of step "taxi_zones_raw" failed.

dagster._core.errors.DagsterExecutionStepExecutionError: Error occurred while executing op "taxi_zones_raw"::

duckdb.duckdb.IOException: IO Error: Could not set lock on file "/app/02_duck_db/01_raw/raw.duckdb": Conflicting lock is held in PID 0. However, you would be able to open this database in read-only mode, e.g. by using the -readonly parameter in the CLI. See also https://duckdb.org/docs/stable/connect/concurrency

Stack Trace:
  File "/usr/local/lib/python3.11/site-packages/dagster/_core/execution/plan/utils.py", line 57, in op_execution_error_boundary
    yield
  File "/usr/local/lib/python3.11/site-packages/dagster/_utils/__init__.py", line 392, in iterate_with_context
    next_output = next(iterator)
                  ^^^^^^^^^^^^^^
  File "/usr/local/lib/python3.11/site-packages/dagster/_core/execution/plan/compute_generator.py", line 137, in _coerce_op_compute_fn_to_iterator
    result = invoke_compute_fn(
             ^^^^^^^^^^^^^^^^^^
  File "/usr/local/lib/python3.11/site-packages/dagster/_core/execution/plan/compute_generator.py", line 117, in invoke_compute_fn
    return fn(context, **args_to_pass) if context_arg_provided else fn(**args_to_pass)
           ^^^^^^^^^^^^^^^^^^^^^^^^^^^
  File "/app/definitions.py", line 80, in taxi_zones_raw
    conn = duckdb.connect(raw_db_path)
           ^^^^^^^^^^^^^^^^^^^^^^^^^^^

